=‾=‾=‾=‾=‾=‾=‾=‾=‾=‾=‾= PuTTY log 2024.11.26 18:09:55 =‾=‾=‾=‾=‾=‾=‾=‾=‾=‾=‾=
------------------------------------------------------------------
Angle @ index[0]: 23.27 degrees
Distance @ index[0]: 622.97in

Angle @ index[1]: 23.73 degrees
Distance @ index[1]: 416.32in

Angle @ index[2]: 0.03 degrees
Distance @ index[2]: 16Model Number: 24
Firmware Number: 1.29
Hardware Number: 7
Model Number: 24
Firmware Number: 1.29
Hardware Number: 7
Angle @ index[0]: 0.00 degrees
Distance @ index[0]: 0.00in

Angle @ index[1]: 314.95 degrees
Distance @ index[1]: 0.00in

Angle @ index[2]: 316.23 degrees
Distance @ index[2]: 39.66in

Angle @ index[3]: 317.45 degrees
Distance @ index[3]: 40.48in

Angle @ index[4]: 318.77 degrees
Distance @ index[4]: 41.44in

Angle @ index[5]: 319.97 degrees
Distance @ index[5]: 42.40in

Angle @ index[6]: 321.27 degrees
Distance @ index[6]: 43.37in

Angle @ index[7]: 322.56 degrees
Distance @ index[7]: 44.40in

Angle @ index[8]: 323.77 degrees
Distance @ index[8]: 45.60in

Angle @ index[9]: 325.06 degrees
Distance @ index[9]: 46.84in

Angle @ index[10]: 333.17 degrees
Distance @ index[10]: 0.00in

Angle @ index[11]: 327.59 degrees
Distance @ index[11]: 0.00in

Angle @ index[12]: 328.89 degrees
Distance @ index[12]: 50.69in

Angle @ index[13]: 337.05 degrees
Distance @ index[13]: 0.00in

Angle @ index[14]: 331.38 degrees
Distance @ index[14]: 0.00in

Angle @ index[15]: 339.64 degrees
Distance @ index[15]: 0.00in

Angle @ index[16]: 340.94 degrees
Distance @ index[16]: 0.00in

Angle @ index[17]: 335.17 degrees
Distance @ index[17]: 0.00in

Angle @ index[18]: 343.52 degrees
Distance @ index[18]: 0.00in

Angle @ index[19]: 344.81 degrees
Distance @ index[19]: 0.00in

Angle @ index[20]: 338.92 degrees
Distance @ index[20]: 0.00in

Angle @ index[21]: 347.41 degrees
Distance @ index[21]: 0.00in

Angle @ index[22]: 341.44 degrees
Distance @ index[22]: 0.00in

Angle @ index[23]: 350.00 degrees
Distance @ index[23]: 0.00in

Angle @ index[24]: 351.28 degrees
Distance @ index[24]: 0.00in

Angle @ index[25]: 352.59 degrees
Distance @ index[25]: 0.00in

Angle @ index[26]: 353.88 degrees
Distance @ index[26]: 0.00in

Angle @ index[27]: 347.73 degrees
Distance @ index[27]: 0.00in

Angle @ index[28]: 349.03 degrees
Distance @ index[28]: 100.01in

Angle @ index[29]: 350.30 degrees
Distance @ index[29]: 0.00in

Angle @ index[30]: 351.61 degrees
Distance @ index[30]: 103.84in

Angle @ index[31]: 352.91 degrees
Distance @ index[31]: 103.06in

Angle @ index[32]: 354.17 degrees
Distance @ index[32]: 102.65in

Angle @ index[33]: 355.50 degrees
Distance @ index[33]: 102.48in

Angle @ index[34]: 356.78 degrees
Distance @ index[34]: 102.16in

Angle @ index[35]: 358.08 degrees
Distance @ index[35]: 101.67in

Angle @ index[36]: 6.83 degrees
Distance @ index[36]: 0.00in

Angle @ index[37]: 8.13 degrees
Distance @ index[37]: 0.00in

Angle @ index[38]: 1.78 degrees
Distance @ index[38]: 0.00in

Angle @ index[39]: 3.06 degrees
Distance @ index[39]: 154.08in

Angle @ index[40]: 4.38 degrees
Distance @ index[40]: 154.06in

Angle @ index[41]: 5.64 degrees
Distance @ index[41]: 153.79in

Angle @ index[42]: 6.94 degrees
Distance @ index[42]: 153.83in

Angle @ index[43]: 8.25 degrees
Distance @ index[43]: 153.77in

Angle @ index[44]: 9.53 degrees
Distance @ index[44]: 154.21in

Angle @ index[45]: 10.86 degrees
Distance @ index[45]: 154.50in

Angle @ index[46]: 12.16 degrees
Distance @ index[46]: 155.06in

Angle @ index[47]: 13.45 degrees
Distance @ index[47]: 155.79in

Angle @ index[48]: 14.73 degrees
Distance @ index[48]: 155.73in

Angle @ index[49]: 16.05 degrees
Distance @ index[49]: 156.18in

Angle @ index[50]: 17.33 degrees
Distance @ index[50]: 157.23in

Angle @ index[51]: 18.63 degrees
Distance @ index[51]: 158.42in

Angle @ index[52]: 19.91 degrees
Distance @ index[52]: 159.77in

Angle @ index[53]: 21.22 degrees
Distance @ index[53]: 161.15in

Angle @ index[54]: 22.52 degrees
Distance @ index[54]: 163.01in

Angle @ index[55]: 23.80 degrees
Distance @ index[55]: 164.17in

Angle @ index[56]: 25.09 degrees
Distance @ index[56]: 164.74in

Angle @ index[57]: 26.38 degrees
Distance @ index[57]: 165.00in

Angle @ index[58]: 27.67 degrees
Distance @ index[58]: 166.03in

Angle @ index[59]: 28.97 degrees
Distance @ index[59]: 168.73in

Angle @ index[60]: 30.25 degrees
Distance @ index[60]: 171.08in

Angle @ index[61]: 31.56 degrees
Distance @ index[61]: 172.96in

Angle @ index[62]: 32.83 degrees
Distance @ index[62]: 174.72in

Angle @ index[63]: 34.13 degrees
Distance @ index[63]: 175.83in

Angle @ index[64]: 35.50 degrees
Distance @ index[64]: 176.89in

Angle @ index[65]: 36.80 degrees
Distance @ index[65]: 179.67in

Angle @ index[66]: 38.08 degrees
Distance @ index[66]: 184.05in

Angle @ index[67]: 39.38 degrees
Distance @ index[67]: 187.77in

Angle @ index[68]: 40.69 degrees
Distance @ index[68]: 190.78in

Angle @ index[69]: 41.95 degrees
Distance @ index[69]: 193.38in

Angle @ index[70]: 43.27 degrees
Distance @ index[70]: 195.91in

Angle @ index[71]: 44.55 degrees
Distance @ index[71]: 200.52in

Angle @ index[72]: 45.84 degrees
Distance @ index[72]: 204.78in

Angle @ index[73]: 47.14 degrees
Distance @ index[73]: 203.90in

Angle @ index[74]: 48.45 degrees
Distance @ index[74]: 199.63in

Angle @ index[75]: 49.77 degrees
Distance @ index[75]: 195.48in

Angle @ index[76]: 51.08 degrees
Distance @ index[76]: 191.57in

Angle @ index[77]: 52.38 degrees
Distance @ index[77]: 187.78in

Angle @ index[78]: 53.69 degrees
Distance @ index[78]: 183.24in

Angle @ index[79]: 55.00 degrees
Distance @ index[79]: 178.80in

Angle @ index[80]: 56.28 degrees
Distance @ index[80]: 176.21in

Angle @ index[81]: 65.25 degrees
Distance @ index[81]: 0.00in

Angle @ index[82]: 66.59 degrees
Distance @ index[82]: 0.00in

Angle @ index[83]: 67.89 degrees
Distance @ index[83]: 0.00in

Angle @ index[84]: 69.20 degrees
Distance @ index[84]: 0.00in

Angle @ index[85]: 70.50 degrees
Distance @ index[85]: 0.00in

Angle @ index[86]: 71.80 degrees
Distance @ index[86]: 0.00in

Angle @ index[87]: 73.09 degrees
Distance @ index[87]: 0.00in

Angle @ index[88]: 74.39 degrees
Distance @ index[88]: 0.00in

Angle @ index[89]: 75.70 degrees
Distance @ index[89]: 0.00in

Angle @ index[90]: 77.00 degrees
Distance @ index[90]: 0.00in

Angle @ index[91]: 70.69 degrees
Distance @ index[91]: 0.00in

Angle @ index[92]: 79.59 degrees
Distance @ index[92]: 0.00in

Angle @ index[93]: 80.89 degrees
Distance @ index[93]: 0.00in

Angle @ index[94]: 82.20 degrees
Distance @ index[94]: 0.00in

Angle @ index[95]: 83.50 degrees
Distance @ index[95]: 0.00in

Angle @ index[96]: 84.80 degrees
Distance @ index[96]: 0.00in

Angle @ index[97]: 78.52 degrees
Distance @ index[97]: 0.00in

Angle @ index[98]: 79.81 degrees
Distance @ index[98]: 142.29in

Angle @ index[99]: 81.09 degrees
Distance @ index[99]: 141.93in

Angle @ index[100]: 82.42 degrees
Distance @ index[100]: 140.95in

Angle @ index[101]: 91.31 degrees
Distance @ index[101]: 0.00in

Angle @ index[102]: 92.61 degrees
Distance @ index[102]: 0.00in

Angle @ index[103]: 93.91 degrees
Distance @ index[103]: 0.00in

Angle @ index[104]: 95.20 degrees
Distance @ index[104]: 0.00in

Angle @ index[105]: 96.52 degrees
Distance @ index[105]: 0.00in

Angle @ index[106]: 97.81 degrees
Distance @ index[106]: 0.00in

Angle @ index[107]: 99.11 degrees
Distance @ index[107]: 0.00in

Angle @ index[108]: 100.41 degrees
Distance @ index[108]: 0.00in

Angle @ index[109]: 101.72 degrees
Distance @ index[109]: 0.00in

Angle @ index[110]: 103.02 degrees
Distance @ index[110]: 0.00in

Angle @ index[111]: 104.31 degrees
Distance @ index[111]: 0.00in

Angle @ index[112]: 105.61 degrees
Distance @ index[112]: 0.00in

Angle @ index[113]: 106.91 degrees
Distance @ index[113]: 0.00in

Angle @ index[114]: 108.22 degrees
Distance @ index[114]: 0.00in

Angle @ index[115]: 109.52 degrees
Distance @ index[115]: 0.00in

Angle @ index[116]: 110.81 degrees
Distance @ index[116]: 0.00in

Angle @ index[117]: 104.53 degrees
Distance @ index[117]: 139.81in

Angle @ index[118]: 113.42 degrees
Distance @ index[118]: 0.00in

Angle @ index[119]: 114.69 degrees
Distance @ index[119]: 0.00in

Angle @ index[120]: 108.38 degrees
Distance @ index[120]: 141.13in

Angle @ index[121]: 117.27 degrees
Distance @ index[121]: 0.00in

Angle @ index[122]: 110.97 degrees
Distance @ index[122]: 143.65in

Angle @ index[123]: 112.28 degrees
Distance @ index[123]: 143.63in

Angle @ index[124]: 113.56 degrees
Distance @ index[124]: 143.38in

Angle @ index[125]: 114.88 degrees
Distance @ index[125]: 144.75in

Angle @ index[126]: 116.16 degrees
Distance @ index[126]: 146.16in

Angle @ index[127]: 117.45 degrees
Distance @ index[127]: 147.50in

Angle @ index[128]: 118.75 degrees
Distance @ index[128]: 149.11in

Angle @ index[129]: 120.03 degrees
Distance @ index[129]: 151.16in

Angle @ index[130]: 121.34 degrees
Distance @ index[130]: 152.55in

Angle @ index[131]: 122.63 degrees
Distance @ index[131]: 153.85in

Angle @ index[132]: 123.91 degrees
Distance @ index[132]: 155.82in

Angle @ index[133]: 125.20 degrees
Distance @ index[133]: 158.99in

Angle @ index[134]: 126.50 degrees
Distance @ index[134]: 162.57in

Angle @ index[135]: 127.80 degrees
Distance @ index[135]: 164.34in

Angle @ index[136]: 129.09 degrees
Distance @ index[136]: 166.32in

Angle @ index[137]: 138.05 degrees
Distance @ index[137]: 0.00in

Angle @ index[138]: 139.33 degrees
Distance @ index[138]: 0.00in

Angle @ index[139]: 133.02 degrees
Distance @ index[139]: 0.00in

Angle @ index[140]: 141.94 degrees
Distance @ index[140]: 0.00in

Angle @ index[141]: 135.56 degrees
Distance @ index[141]: 0.00in

Angle @ index[142]: 136.89 degrees
Distance @ index[142]: 162.63in

Angle @ index[143]: 138.19 degrees
Distance @ index[143]: 160.04in

Angle @ index[144]: 139.50 degrees
Distance @ index[144]: 156.52in

Angle @ index[145]: 140.80 degrees
Distance @ index[145]: 152.83in

Angle @ index[146]: 142.13 degrees
Distance @ index[146]: 0.00in

Angle @ index[147]: 143.41 degrees
Distance @ index[147]: 145.58in

Angle @ index[148]: 144.73 degrees
Distance @ index[148]: 0.00in

Angle @ index[149]: 146.02 degrees
Distance @ index[149]: 138.51in

Angle @ index[150]: 147.31 degrees
Distance @ index[150]: 137.58in

Angle @ index[151]: 148.66 degrees
Distance @ index[151]: 135.76in

Angle @ index[152]: 149.94 degrees
Distance @ index[152]: 132.80in

Angle @ index[153]: 151.23 degrees
Distance @ index[153]: 130.24in

Angle @ index[154]: 152.56 degrees
Distance @ index[154]: 127.87in

Angle @ index[155]: 153.88 degrees
Distance @ index[155]: 125.10in

Angle @ index[156]: 155.09 degrees
Distance @ index[156]: 123.23in

Angle @ index[157]: 156.41 degrees
Distance @ index[157]: 121.97in

Angle @ index[158]: 157.69 degrees
Distance @ index[158]: 120.93in

Angle @ index[159]: 158.98 degrees
Distance @ index[159]: 120.28in

Angle @ index[160]: 160.28 degrees
Distance @ index[160]: 118.14in

Angle @ index[161]: 161.59 degrees
Distance @ index[161]: 116.91in

Angle @ index[162]: 162.91 degrees
Distance @ index[162]: 115.91in

Angle @ index[163]: 164.17 degrees
Distance @ index[163]: 114.44in

Angle @ index[164]: 165.47 degrees
Distance @ index[164]: 114.20in

Angle @ index[165]: 166.75 degrees
Distance @ index[165]: 113.89in

Angle @ index[166]: 168.06 degrees
Distance @ index[166]: 113.30in

Angle @ index[167]: 169.36 degrees
Distance @ index[167]: 111.93in

Angle @ index[168]: 170.66 degrees
Distance @ index[168]: 110.97in

Angle @ index[169]: 171.95 degrees
Distance @ index[169]: 110.50in

Angle @ index[170]: 173.25 degrees
Distance @ index[170]: 109.98in

Angle @ index[171]: 174.56 degrees
Distance @ index[171]: 109.63in

Angle @ index[172]: 175.84 degrees
Distance @ index[172]: 109.27in

Angle @ index[173]: 177.16 degrees
Distance @ index[173]: 109.29in

Angle @ index[174]: 178.44 degrees
Distance @ index[174]: 109.09in

Angle @ index[175]: 179.73 degrees
Distance @ index[175]: 108.76in

Angle @ index[176]: 181.02 degrees
Distance @ index[176]: 108.59in

Angle @ index[177]: 182.36 degrees
Distance @ index[177]: 108.14in

Angle @ index[178]: 183.63 degrees
Distance @ index[178]: 108.01in

Angle @ index[179]: 184.91 degrees
Distance @ index[179]: 108.27in

Angle @ index[180]: 186.22 degrees
Distance @ index[180]: 108.15in

Angle @ index[181]: 187.50 degrees
Distance @ index[181]: 108.03in

Angle @ index[182]: 188.81 degrees
Distance @ index[182]: 108.31in

Angle @ index[183]: 190.08 degrees
Distance @ index[183]: 108.76in

Angle @ index[184]: 191.39 degrees
Distance @ index[184]: 109.03in

Angle @ index[185]: 192.69 degrees
Distance @ index[185]: 109.06in

Angle @ index[186]: 193.97 degrees
Distance @ index[186]: 109.27in

Angle @ index[187]: 195.28 degrees
Distance @ index[187]: 109.84in

Angle @ index[188]: 196.55 degrees
Distance @ index[188]: 110.45in

Angle @ index[189]: 197.86 degrees
Distance @ index[189]: 109.08in

Angle @ index[190]: 199.19 degrees
Distance @ index[190]: 0.00in

Angle @ index[191]: 200.58 degrees
Distance @ index[191]: 0.00in

Angle @ index[192]: 201.91 degrees
Distance @ index[192]: 0.00in

Angle @ index[193]: 203.23 degrees
Distance @ index[193]: 0.00in

Angle @ index[194]: 204.58 degrees
Distance @ index[194]: 0.00in

Angle @ index[195]: 205.88 degrees
Distance @ index[195]: 0.00in

Angle @ index[196]: 207.20 degrees
Distance @ index[196]: 0.00in

Angle @ index[197]: 208.58 degrees
Distance @ index[197]: 0.00in

Angle @ index[198]: 209.95 degrees
Distance @ index[198]: 0.00in

Angle @ index[199]: 211.22 degrees
Distance @ index[199]: 0.00in

Angle @ index[200]: 212.59 degrees
Distance @ index[200]: 0.00in

Angle @ index[201]: 213.98 degrees
Distance @ index[201]: 0.00in

Angle @ index[202]: 215.31 degrees
Distance @ index[202]: 0.00in

Angle @ index[203]: 216.64 degrees
Distance @ index[203]: 0.00in

Angle @ index[204]: 217.95 degrees
Distance @ index[204]: 0.00in

Angle @ index[205]: 219.30 degrees
Distance @ index[205]: 0.00in

Angle @ index[206]: 220.66 degrees
Distance @ index[206]: 0.00in

Angle @ index[207]: 221.92 degrees
Distance @ index[207]: 42.82in

Angle @ index[208]: 223.14 degrees
Distance @ index[208]: 43.50in

Angle @ index[209]: 224.44 degrees
Distance @ index[209]: 44.36in

Angle @ index[210]: 225.75 degrees
Distance @ index[210]: 45.16in

Angle @ index[211]: 227.05 degrees
Distance @ index[211]: 45.41in

Angle @ index[212]: 228.30 degrees
Distance @ index[212]: 0.00in

Angle @ index[213]: 229.64 degrees
Distance @ index[213]: 43.38in

Angle @ index[214]: 230.92 degrees
Distance @ index[214]: 42.48in

Angle @ index[215]: 232.33 degrees
Distance @ index[215]: 41.50in

Angle @ index[216]: 233.55 degrees
Distance @ index[216]: 40.70in

Angle @ index[217]: 234.88 degrees
Distance @ index[217]: 39.94in

Angle @ index[218]: 236.17 degrees
Distance @ index[218]: 39.08in

Angle @ index[219]: 237.58 degrees
Distance @ index[219]: 38.47in

Angle @ index[220]: 238.92 degrees
Distance @ index[220]: 37.93in

Angle @ index[221]: 240.19 degrees
Distance @ index[221]: 37.19in

Angle @ index[222]: 241.53 degrees
Distance @ index[222]: 36.57in

Angle @ index[223]: 242.77 degrees
Distance @ index[223]: 36.08in

Angle @ index[224]: 244.11 degrees
Distance @ index[224]: 35.60in

Angle @ index[225]: 245.39 degrees
Distance @ index[225]: 35.06in

Angle @ index[226]: 246.77 degrees
Distance @ index[226]: 34.57in

Angle @ index[227]: 248.13 degrees
Distance @ index[227]: 34.20in

Angle @ index[228]: 249.42 degrees
Distance @ index[228]: 33.86in

Angle @ index[229]: 250.64 degrees
Distance @ index[229]: 33.57in

Angle @ index[230]: 252.02 degrees
Distance @ index[230]: 33.20in

Angle @ index[231]: 253.41 degrees
Distance @ index[231]: 32.84in

Angle @ index[232]: 254.73 degrees
Distance @ index[232]: 32.49in

Angle @ index[233]: 255.97 degrees
Distance @ index[233]: 32.16in

Angle @ index[234]: 257.31 degrees
Distance @ index[234]: 31.89in

Angle @ index[235]: 258.52 degrees
Distance @ index[235]: 31.63in

Angle @ index[236]: 259.91 degrees
Distance @ index[236]: 31.46in

Angle @ index[237]: 261.30 degrees
Distance @ index[237]: 31.28in

Angle @ index[238]: 262.45 degrees
Distance @ index[238]: 31.07in

Angle @ index[239]: 263.73 degrees
Distance @ index[239]: 30.92in

Angle @ index[240]: 265.09 degrees
Distance @ index[240]: 30.73in

Angle @ index[241]: 266.42 degrees
Distance @ index[241]: 30.53in

Angle @ index[242]: 267.69 degrees
Distance @ index[242]: 30.40in

Angle @ index[243]: 269.09 degrees
Distance @ index[243]: 30.32in

Angle @ index[244]: 270.36 degrees
Distance @ index[244]: 30.31in

Angle @ index[245]: 271.56 degrees
Distance @ index[245]: 30.28in

Angle @ index[246]: 272.86 degrees
Distance @ index[246]: 30.22in

Angle @ index[247]: 274.16 degrees
Distance @ index[247]: 30.17in

Angle @ index[248]: 275.50 degrees
Distance @ index[248]: 30.17in

Angle @ index[249]: 276.67 degrees
Distance @ index[249]: 30.18in

Angle @ index[250]: 278.09 degrees
Distance @ index[250]: 30.20in

Angle @ index[251]: 279.38 degrees
Distance @ index[251]: 30.24in

Angle @ index[252]: 280.67 degrees
Distance @ index[252]: 30.32in

Angle @ index[253]: 281.91 degrees
Distance @ index[253]: 30.37in

Angle @ index[254]: 283.17 degrees
Distance @ index[254]: 30.43in

Angle @ index[255]: 284.42 degrees
Distance @ index[255]: 30.55in

Angle @ index[256]: 285.64 degrees
Distance @ index[256]: 30.70in

Angle @ index[257]: 287.00 degrees
Distance @ index[257]: 30.80in

Angle @ index[258]: 288.34 degrees
Distance @ index[258]: 30.84in

Angle @ index[259]: 289.63 degrees
Distance @ index[259]: 31.00in

Angle @ index[260]: 290.81 degrees
Distance @ index[260]: 31.25in

Angle @ index[261]: 292.17 degrees
Distance @ index[261]: 31.44in

Angle @ index[262]: 293.45 degrees
Distance @ index[262]: 31.63in

Angle @ index[263]: 294.67 degrees
Distance @ index[263]: 31.84in

Angle @ index[264]: 296.03 degrees
Distance @ index[264]: 32.18in

Angle @ index[265]: 297.27 degrees
Distance @ index[265]: 32.56in

Angle @ index[266]: 298.45 degrees
Distance @ index[266]: 32.79in

Angle @ index[267]: 299.75 degrees
Distance @ index[267]: 33.12in

Angle @ index[268]: 301.03 degrees
Distance @ index[268]: 33.50in

Angle @ index[269]: 302.44 degrees
Distance @ index[269]: 33.79in

Angle @ index[270]: 303.72 degrees
Distance @ index[270]: 34.09in

Angle @ index[271]: 304.98 degrees
Distance @ index[271]: 34.41in

Angle @ index[272]: 306.22 degrees
Distance @ index[272]: 34.85in

Angle @ index[273]: 307.52 degrees
Distance @ index[273]: 35.37in

Angle @ index[274]: 308.78 degrees
Distance @ index[274]: 35.81in

Angle @ index[275]: 309.97 degrees
Distance @ index[275]: 36.25in

Angle @ index[276]: 311.31 degrees
Distance @ index[276]: 36.77in

Angle @ index[277]: 312.50 degrees
Distance @ index[277]: 37.44in

Angle @ index[278]: 313.77 degrees
Distance @ index[278]: 38.12in

Angle @ index[279]: 315.11 degrees
Distance @ index[279]: 38.82in

Angle @ index[280]: 316.34 degrees
Distance @ index[280]: 39.64in

Angle @ index[281]: 317.66 degrees
Distance @ index[281]: 40.43in

Angle @ index[282]: 318.86 degrees
Distance @ index[282]: 41.37in

Angle @ index[283]: 320.14 degrees
Distance @ index[283]: 42.36in

Angle @ index[284]: 321.42 degrees
Distance @ index[284]: 43.35in

Angle @ index[285]: 322.61 degrees
Distance @ index[285]: 44.39in

Angle @ index[286]: 323.94 degrees
Distance @ index[286]: 45.55in

Angle @ index[287]: 325.19 degrees
Distance @ index[287]: 46.71in

Angle @ index[288]: 333.23 degrees
Distance @ index[288]: 0.00in

Angle @ index[289]: 327.69 degrees
Distance @ index[289]: 0.00in

Angle @ index[290]: 328.92 degrees
Distance @ index[290]: 50.68in

Angle @ index[291]: 337.13 degrees
Distance @ index[291]: 0.00in

Angle @ index[292]: 331.45 degrees
Distance @ index[292]: 0.00in

Angle @ index[293]: 339.70 degrees
Distance @ index[293]: 0.00in

Angle @ index[294]: 341.00 degrees
Distance @ index[294]: 0.00in

Angle @ index[295]: 335.23 degrees
Distance @ index[295]: 0.00in

Angle @ index[296]: 343.59 degrees
Distance @ index[296]: 0.00in

Angle @ index[297]: 344.89 degrees
Distance @ index[297]: 0.00in

Angle @ index[298]: 338.95 degrees
Distance @ index[298]: 0.00in

Angle @ index[299]: 347.47 degrees
Distance @ index[299]: 0.00in

Angle @ index[300]: 341.48 degrees
Distance @ index[300]: 0.00in

Angle @ index[301]: 342.73 degrees
Distance @ index[301]: 0.00in

Angle @ index[302]: 351.34 degrees
Distance @ index[302]: 0.00in

Angle @ index[303]: 352.64 degrees
Distance @ index[303]: 0.00in

Angle @ index[304]: 353.92 degrees
Distance @ index[304]: 0.00in

Angle @ index[305]: 347.81 degrees
Distance @ index[305]: 0.00in

Angle @ index[306]: 349.08 degrees
Distance @ index[306]: 100.07in

Angle @ index[307]: 350.36 degrees
Distance @ index[307]: 0.00in

Angle @ index[308]: 351.66 degrees
Distance @ index[308]: 103.99in

Angle @ index[309]: 352.95 degrees
Distance @ index[309]: 102.99in

Angle @ index[310]: 354.27 degrees
Distance @ index[310]: 102.60in

Angle @ index[311]: 355.55 degrees
Distance @ index[311]: 102.41in

Angle @ index[312]: 356.84 degrees
Distance @ index[312]: 102.13in

Angle @ index[313]: 358.14 degrees
Distance @ index[313]: 101.86in

Angle @ index[314]: 6.89 degrees
Distance @ index[314]: 0.00in

Angle @ index[315]: 8.19 degrees
Distance @ index[315]: 0.00in

Angle @ index[316]: 1.83 degrees
Distance @ index[316]: 0.00in

Angle @ index[317]: 3.14 degrees
Distance @ index[317]: 154.00in

Angle @ index[318]: 4.41 degrees
Distance @ index[318]: 154.14in

Angle @ index[319]: 5.73 degrees
Distance @ index[319]: 154.08in

Angle @ index[320]: 7.00 degrees
Distance @ index[320]: 153.92in

Angle @ index[321]: 8.31 degrees
Distance @ index[321]: 153.87in

Angle @ index[322]: 9.61 degrees
Distance @ index[322]: 154.23in

Angle @ index[323]: 10.86 degrees
Distance @ index[323]: 154.43in

Angle @ index[324]: 12.17 degrees
Distance @ index[324]: 154.76in

Angle @ index[325]: 13.45 degrees
Distance @ index[325]: 155.47in

Angle @ index[326]: 14.73 degrees
Distance @ index[326]: 155.80in

Angle @ index[327]: 16.03 degrees
Distance @ index[327]: 156.23in

Angle @ index[328]: 17.33 degrees
Distance @ index[328]: 157.13in

Angle @ index[329]: 18.59 degrees
Distance @ index[329]: 158.34in

Angle @ index[330]: 19.89 degrees
Distance @ index[330]: 159.76in

Angle @ index[331]: 21.19 degrees
Distance @ index[331]: 161.16in

Angle @ index[332]: 22.47 degrees
Distance @ index[332]: 162.07in

Angle @ index[333]: 23.78 degrees
Distance @ index[333]: 163.20in

Angle @ index[334]: 25.05 degrees
Distance @ index[334]: 164.62in

Angle @ index[335]: 26.34 degrees
Distance @ index[335]: 165.28in

Angle @ index[336]: 27.63 degrees
Distance @ index[336]: 166.34in

Angle @ index[337]: 28.92 degrees
Distance @ index[337]: 167.96in

Angle @ index[338]: 30.22 degrees
Distance @ index[338]: 170.36in

Angle @ index[339]: 31.50 degrees
Distance @ index[339]: 172.89in

Angle @ index[340]: 32.78 degrees
Distance @ index[340]: 174.49in

Angle @ index[341]: 34.09 degrees
Distance @ index[341]: 175.64in

Angle @ index[342]: 35.44 degrees
Distance @ index[342]: 176.97in

Angle @ index[343]: 36.73 degrees
Distance @ index[343]: 180.01in

Angle @ index[344]: 38.02 degrees
Distance @ index[344]: 184.26in

Angle @ index[345]: 39.31 degrees
Distance @ index[345]: 187.73in

Angle @ index[346]: 40.61 degrees
Distance @ index[346]: 190.76in

Angle @ index[347]: 41.89 degrees
Distance @ index[347]: 193.29in

Angle @ index[348]: 43.19 degrees
Distance @ index[348]: 195.89in

Angle @ index[349]: 44.47 degrees
Distance @ index[349]: 200.39in

Angle @ index[350]: 45.77 degrees
Distance @ index[350]: 204.68in

Angle @ index[351]: 47.06 degrees
Distance @ index[351]: 205.52in

Angle @ index[352]: 48.36 degrees
Distance @ index[352]: 0.00in

Angle @ index[353]: 49.67 degrees
Distance @ index[353]: 196.72in

Angle @ index[354]: 50.98 degrees
Distance @ index[354]: 192.54in

Angle @ index[355]: 52.27 degrees
Distance @ index[355]: 188.79in

Angle @ index[356]: 53.56 degrees
Distance @ index[356]: 185.25in

Angle @ index[357]: 54.88 degrees
Distance @ index[357]: 180.42in

Angle @ index[358]: 56.17 degrees
Distance @ index[358]: 176.77in

Angle @ index[359]: 65.14 degrees
Distance @ index[359]: 0.00in

Final Area: 39621.66in^2
